2023.07.10 22:00:34 INFO  Started: Metals version 0.11.12 in workspace 'C:\Users\user\Desktop\JavaScript\Tutorial_5' for client Visual Studio Code 1.80.0.
Jul 10, 2023 10:00:34 PM org.flywaydb.core.internal.license.VersionPrinter printVersionOnly
INFO: Flyway Community Edition 9.16.3 by Redgate
Jul 10, 2023 10:00:34 PM org.flywaydb.core.internal.license.VersionPrinter printVersion
INFO: See release notes here: https://rd.gt/416ObMi
Jul 10, 2023 10:00:34 PM org.flywaydb.core.internal.license.VersionPrinter printVersion
INFO: 
Jul 10, 2023 10:00:35 PM org.flywaydb.core.internal.database.base.BaseDatabaseType createDatabase
INFO: Database: jdbc:h2:file:C:\Users\user\Desktop\JavaScript\Tutorial_5\.metals\metals (H2 2.1)
Jul 10, 2023 10:00:35 PM org.flywaydb.core.internal.schemahistory.JdbcTableSchemaHistory allAppliedMigrations
INFO: Schema history table "PUBLIC"."flyway_schema_history" does not exist yet
Jul 10, 2023 10:00:35 PM org.flywaydb.core.internal.command.DbValidate validate
INFO: Successfully validated 4 migrations (execution time 00:00.031s)
Jul 10, 2023 10:00:35 PM org.flywaydb.core.internal.schemahistory.JdbcTableSchemaHistory create
INFO: Creating Schema History table "PUBLIC"."flyway_schema_history" ...
Jul 10, 2023 10:00:35 PM org.flywaydb.core.internal.command.DbMigrate migrateGroup
INFO: Current version of schema "PUBLIC": << Empty Schema >>
Jul 10, 2023 10:00:35 PM org.flywaydb.core.internal.command.DbMigrate doMigrateGroup
INFO: Migrating schema "PUBLIC" to version "1 - Create tables"
Jul 10, 2023 10:00:35 PM org.flywaydb.core.internal.command.DbMigrate doMigrateGroup
INFO: Migrating schema "PUBLIC" to version "2 - Server discovery"
Jul 10, 2023 10:00:35 PM org.flywaydb.core.internal.command.DbMigrate doMigrateGroup
INFO: Migrating schema "PUBLIC" to version "3 - Jar symbols"
Jul 10, 2023 10:00:35 PM org.flywaydb.core.internal.command.DbMigrate doMigrateGroup
INFO: Migrating schema "PUBLIC" to version "4 - Fingerprints"
Jul 10, 2023 10:00:35 PM org.flywaydb.core.internal.command.DbMigrate logSummary
INFO: Successfully applied 4 migrations to schema "PUBLIC", now at version v4 (execution time 00:00.109s)
2023.07.10 22:00:35 INFO  time: initialize in 1.02s
2023.07.10 22:00:38 WARN  Build server is not auto-connectable.
Jul 10, 2023 10:01:23 PM org.eclipse.lsp4j.jsonrpc.services.GenericEndpoint notify
INFO: Unsupported notification method: $/setTrace
Jul 10, 2023 10:01:30 PM org.eclipse.lsp4j.jsonrpc.services.GenericEndpoint notify
INFO: Unsupported notification method: $/setTrace
